0 info it worked if it ends with ok
1 verbose cli [ '/Users/wluk/.nvm/versions/node/v6.10.3/bin/node',
1 verbose cli   '/Users/wluk/.nvm/versions/node/v6.10.3/bin/npm',
1 verbose cli   'start' ]
2 info using npm@3.10.10
3 info using node@v6.10.3
4 verbose run-script [ 'prestart', 'start', 'poststart' ]
5 info lifecycle get-truths@1.0.0~prestart: get-truths@1.0.0
6 silly lifecycle get-truths@1.0.0~prestart: no script for prestart, continuing
7 info lifecycle get-truths@1.0.0~start: get-truths@1.0.0
8 verbose lifecycle get-truths@1.0.0~start: unsafe-perm in lifecycle true
9 verbose lifecycle get-truths@1.0.0~start: PATH: /Users/wluk/.nvm/versions/node/v6.10.3/lib/node_modules/npm/bin/node-gyp-bin:/Users/wluk/Projects/interviewing/get-truth/src/node_modules/.bin:/Library/Frameworks/Python.framework/Versions/3.6/bin:/Users/wluk/.nvm/versions/node/v6.10.3/bin:/usr/local/bin:/usr/bin:/bin:/usr/sbin:/sbin:/Users/wluk/.rvm/bin:/Users/wluk/.nvm/versions/node/v6.10.3/bin/node
10 verbose lifecycle get-truths@1.0.0~start: CWD: /Users/wluk/Projects/interviewing/get-truth/src
11 silly lifecycle get-truths@1.0.0~start: Args: [ '-c', 'node server/server' ]
12 silly lifecycle get-truths@1.0.0~start: Returned: code: 1  signal: null
13 info lifecycle get-truths@1.0.0~start: Failed to exec start script
14 verbose stack Error: get-truths@1.0.0 start: `node server/server`
14 verbose stack Exit status 1
14 verbose stack     at EventEmitter.<anonymous> (/Users/wluk/.nvm/versions/node/v6.10.3/lib/node_modules/npm/lib/utils/lifecycle.js:255:16)
14 verbose stack     at emitTwo (events.js:106:13)
14 verbose stack     at EventEmitter.emit (events.js:191:7)
14 verbose stack     at ChildProcess.<anonymous> (/Users/wluk/.nvm/versions/node/v6.10.3/lib/node_modules/npm/lib/utils/spawn.js:40:14)
14 verbose stack     at emitTwo (events.js:106:13)
14 verbose stack     at ChildProcess.emit (events.js:191:7)
14 verbose stack     at maybeClose (internal/child_process.js:886:16)
14 verbose stack     at Process.ChildProcess._handle.onexit (internal/child_process.js:226:5)
15 verbose pkgid get-truths@1.0.0
16 verbose cwd /Users/wluk/Projects/interviewing/get-truth/src
17 error Darwin 16.6.0
18 error argv "/Users/wluk/.nvm/versions/node/v6.10.3/bin/node" "/Users/wluk/.nvm/versions/node/v6.10.3/bin/npm" "start"
19 error node v6.10.3
20 error npm  v3.10.10
21 error code ELIFECYCLE
22 error get-truths@1.0.0 start: `node server/server`
22 error Exit status 1
23 error Failed at the get-truths@1.0.0 start script 'node server/server'.
23 error Make sure you have the latest version of node.js and npm installed.
23 error If you do, this is most likely a problem with the get-truths package,
23 error not with npm itself.
23 error Tell the author that this fails on your system:
23 error     node server/server
23 error You can get information on how to open an issue for this project with:
23 error     npm bugs get-truths
23 error Or if that isn't available, you can get their info via:
23 error     npm owner ls get-truths
23 error There is likely additional logging output above.
24 verbose exit [ 1, true ]
